[0m[[0m[0mdebug[0m] [0m[0m> Exec(rtaJS/fastLinkJS, Some(cd91c8cf-9d6f-40ef-899b-2b0e0f3afcfa), Some(CommandSource(console0)))[0m
[0m[[0m[0mdebug[0m] [0m[0mEvaluating tasks: rtaJS / Compile / fastLinkJS[0m
[0m[[0m[0mdebug[0m] [0m[0mRunning task... Cancel: Signal, check cycles: false, forcegc: true[0m
[0m[[0m[0minfo[0m] [0m[0mcompiling 16 Scala sources to C:\Users\Utilizador\Desktop\RTATOOL2\js\target\scala-3.3.1\classes ...[0m
[0m[[0m[31merror[0m] [0m[0m[31m[31m-- [E007] Type Mismatch Error: C:\Users\Utilizador\Desktop\RTATOOL2\js\src\main\scala\marge\frontend\RTAAPI.scala:124:34 [0m[0m[0m
[0m[[0m[31merror[0m] [0m[0m[31m124 |[0m          [33mval[0m [36mclickedEdge[0m: [35mEdge[0m = (from, to, lbl)[0m
[0m[[0m[31merror[0m] [0m[0m[31m[31m    |[0m                                  ^^^^^^^^^^^^^^^[0m[0m
[0m[[0m[31merror[0m] [0m[0m[31m    |[0mFound:    (rta.syntax.Program2.QName, rta.syntax.Program2.QName, rta.syntax.Program2.QName[0m
[0m[[0m[31merror[0m] [0m[0m[31m    |[0m  )[0m
[0m[[0m[31merror[0m] [0m[0m[31m    |[0mRequired: rta.syntax.Program2.Edge[0m
[0m[[0m[31merror[0m] [0m[0m[31m    |[0m[0m
[0m[[0m[31merror[0m] [0m[0m[31m    |[0m longer explanation available when compiling with `-explain`[0m
[0m[[0m[31merror[0m] [0m[0m[31m[31m-- [E008] Not Found Error: C:\Users\Utilizador\Desktop\RTATOOL2\js\src\main\scala\marge\frontend\RTAAPI.scala:482:69 [0m[0m[0m
[0m[[0m[31merror[0m] [0m[0m[31m482 |[0m       [31ms"""{"from":"[0m$from[31m", "to":"[0m$to[31m", "lbl":"[0m$lbl[31m", "label":"[0m${lbl.show}[31m", "isDelay": false}"""[0m[0m
[0m[[0m[31merror[0m] [0m[0m[31m[31m    |[0m                                                                 ^^^^^^^^[0m[0m
[0m[[0m[31merror[0m] [0m[0m[31m    |[0m                                     value show is not a member of Any[0m
[0m[[0m[31merror[0m] [0m[0m[31m[31m-- [E007] Type Mismatch Error: C:\Users\Utilizador\Desktop\RTATOOL2\shared\src\main\scala\rta\backend\AnalyseLTS.scala:28:52 [0m[0m[0m
[0m[[0m[31merror[0m] [0m[0m[31m28 |[0m            (rx.inits ++ fired.map(_._2)).intersect(states) -- done.flatMap(_.inits)[0m
[0m[[0m[31merror[0m] [0m[0m[31m[31m   |[0m                                                    ^^^^^^[0m[0m
[0m[[0m[31merror[0m] [0m[0m[31m   |[0m               Found:    (states : Set[Any])[0m
[0m[[0m[31merror[0m] [0m[0m[31m   |[0m               Required: scala.collection.Set[rta.syntax.Program2.QName][0m
[0m[[0m[31merror[0m] [0m[0m[31m   |[0m[0m
[0m[[0m[31merror[0m] [0m[0m[31m   |[0m longer explanation available when compiling with `-explain`[0m
[0m[[0m[31merror[0m] [0m[0m[31m[31m-- [E007] Type Mismatch Error: C:\Users\Utilizador\Desktop\RTATOOL2\shared\src\main\scala\rta\backend\AnalyseLTS.scala:30:12 [0m[0m[0m
[0m[[0m[31merror[0m] [0m[0m[31m30 |[0m            ([33mfor[0m (a,dests)<-rx.edg.toSet; (b,c)<-dests [33myield[0m (a,b,c)) ++[0m
[0m[[0m[31merror[0m] [0m[0m[31m[31m   |[0m            ^[0m[0m
[0m[[0m[31merror[0m] [0m[0m[31m   |[0mFound:    Set[rta.syntax.Program2.QName *: ((Any, Any) | (rta.syntax.Program2.QName,[0m
[0m[[0m[31merror[0m] [0m[0m[31m   |[0m  rta.syntax.Program2.QName, rta.syntax.Program2.QName))][0m
[0m[[0m[31merror[0m] [0m[0m[31m   |[0mRequired: rta.syntax.Program2.Edges[0m
[0m[[0m[31merror[0m] [0m[0m[31m31 |[0m            ([33mfor[0m (a,dests)<-rx.on.toSet;  (b,c)<-dests [33myield[0m (a,b,c)) ++[0m
[0m[[0m[31merror[0m] [0m[0m[31m32 |[0m            ([33mfor[0m (a,dests)<-rx.off.toSet; (b,c)<-dests [33myield[0m (a,b,c))[0m
[0m[[0m[31merror[0m] [0m[0m[31m33 |[0m              -- fired[0m
[0m[[0m[31merror[0m] [0m[0m[31m   |[0m[0m
[0m[[0m[31merror[0m] [0m[0m[31m   |[0m longer explanation available when compiling with `-explain`[0m
[0m[[0m[33mwarn[0m] [0m[0m[33m[33m-- Warning: C:\Users\Utilizador\Desktop\RTATOOL2\shared\src\main\scala\rta\backend\AnalyseLTS.scala:18:43 [0m[0m[0m
[0m[[0m[33mwarn[0m] [0m[0m[33m18 |[0m    [33mval[0m [36mstates[0m = [33mfor[0m (a,bs)<-rx.edg.toSet; (b,_)<-bs; s<-Set(a,b) [33myield[0m s[0m
[0m[[0m[33mwarn[0m] [0m[0m[33m[33m   |[0m                                           ^^^^^[0m[0m
[0m[[0m[33mwarn[0m] [0m[0m[33m   |[0mpattern's type (Any, Any) does not match the right hand side expression's type (rta.syntax.Program2.QName, rta.syntax.Program2.QName, rta.syntax.Program2.QName[0m
[0m[[0m[33mwarn[0m] [0m[0m[33m   |[0m  )[0m
[0m[[0m[33mwarn[0m] [0m[0m[33m   |[0m[0m
[0m[[0m[33mwarn[0m] [0m[0m[33m   |[0mIf the narrowing is intentional, this can be communicated by adding the `case` keyword before the full pattern,[0m
[0m[[0m[33mwarn[0m] [0m[0m[33m   |[0mwhich will result in a filtering for expression (using `withFilter`).[0m
[0m[[0m[33mwarn[0m] [0m[0m[33m   |[0mThis patch can be rewritten automatically under -rewrite -source 3.2-migration.[0m
[0m[[0m[31merror[0m] [0m[0m[31m[31m-- [E008] Not Found Error: C:\Users\Utilizador\Desktop\RTATOOL2\shared\src\main\scala\rta\backend\CytoscapeConverter.scala:37:57 [0m[0m[0m
[0m[[0m[31merror[0m] [0m[0m[31m37 |[0m    [33mval[0m [36mparentQNames[0m = allQNames.flatMap([36mq[0m => ([31m1[0m until q.n.length).map([36mi[0m => QName(q.n.take(i)))).toSet[0m
[0m[[0m[31merror[0m] [0m[0m[31m[31m   |[0m                                                       ^^^[0m[0m
[0m[[0m[31merror[0m] [0m[0m[31m   |[0m                                          value n is not a member of Any[0m
[0m[[0m[31merror[0m] [0m[0m[31m[31m-- [E008] Not Found Error: C:\Users\Utilizador\Desktop\RTATOOL2\shared\src\main\scala\rta\backend\CytoscapeConverter.scala:37:84 [0m[0m[0m
[0m[[0m[31merror[0m] [0m[0m[31m37 |[0m    [33mval[0m [36mparentQNames[0m = allQNames.flatMap([36mq[0m => ([31m1[0m until q.n.length).map([36mi[0m => QName(q.n.take(i)))).toSet[0m
[0m[[0m[31merror[0m] [0m[0m[31m[31m   |[0m                                                                                  ^^^[0m[0m
[0m[[0m[31merror[0m] [0m[0m[31m   |[0m                                          value n is not a member of Any[0m
[0m[[0m[31merror[0m] [0m[0m[31m[31m-- [E008] Not Found Error: C:\Users\Utilizador\Desktop\RTATOOL2\shared\src\main\scala\rta\backend\CytoscapeConverter.scala:40:66 [0m[0m[0m
[0m[[0m[31merror[0m] [0m[0m[31m40 |[0m      [33mval[0m [36mparentId[0m = [33mif[0m (parentQName.n.size > [31m1[0m) Some(parentQName.scope.toString) [33melse[0m None[0m
[0m[[0m[31merror[0m] [0m[0m[31m[31m   |[0m                                                      ^^^^^^^^^^^^^^^^^[0m[0m
[0m[[0m[31merror[0m] [0m[0m[31m   |[0mvalue scope is not a member of rta.syntax.Program2.QName - did you mean parentQName.clone?[0m
[0m[[0m[31merror[0m] [0m[0m[31m[31m-- [E008] Not Found Error: C:\Users\Utilizador\Desktop\RTATOOL2\shared\src\main\scala\rta\backend\CytoscapeConverter.scala:46:31 [0m[0m[0m
[0m[[0m[31merror[0m] [0m[0m[31m46 |[0m      [33mval[0m [36mparentId[0m = [33mif[0m (state.n.size > [31m1[0m) Some(state.scope.toString) [33melse[0m None[0m
[0m[[0m[31merror[0m] [0m[0m[31m[31m   |[0m                         ^^^^^^^[0m[0m
[0m[[0m[31merror[0m] [0m[0m[31m   |[0m                         value n is not a member of Any[0m
[0m[[0m[31merror[0m] [0m[0m[31m[31m-- [E008] Not Found Error: C:\Users\Utilizador\Desktop\RTATOOL2\shared\src\main\scala\rta\backend\CytoscapeConverter.scala:46:54 [0m[0m[0m
[0m[[0m[31merror[0m] [0m[0m[31m46 |[0m      [33mval[0m [36mparentId[0m = [33mif[0m (state.n.size > [31m1[0m) Some(state.scope.toString) [33melse[0m None[0m
[0m[[0m[31merror[0m] [0m[0m[31m[31m   |[0m                                                ^^^^^^^^^^^[0m[0m
[0m[[0m[31merror[0m] [0m[0m[31m   |[0m                                      value scope is not a member of Any[0m
[0m[[0m[31merror[0m] [0m[0m[31m[31m-- [E007] Type Mismatch Error: C:\Users\Utilizador\Desktop\RTATOOL2\shared\src\main\scala\rta\backend\CytoscapeConverter.scala:48:43 [0m[0m[0m
[0m[[0m[31merror[0m] [0m[0m[31m48 |[0m      [33mval[0m [36minvariantOpt[0m = rx.invariants.get(state)[0m
[0m[[0m[31merror[0m] [0m[0m[31m[31m   |[0m                                           ^^^^^[0m[0m
[0m[[0m[31merror[0m] [0m[0m[31m   |[0m                                     Found:    (state : Any)[0m
[0m[[0m[31merror[0m] [0m[0m[31m   |[0m                                     Required: rta.syntax.Program2.QName[0m
[0m[[0m[31merror[0m] [0m[0m[31m   |[0m[0m
[0m[[0m[31merror[0m] [0m[0m[31m   |[0m longer explanation available when compiling with `-explain`[0m
[0m[[0m[31merror[0m] [0m[0m[31m[31m-- [E007] Type Mismatch Error: C:\Users\Utilizador\Desktop\RTATOOL2\shared\src\main\scala\rta\backend\CytoscapeConverter.scala:51:59 [0m[0m[0m
[0m[[0m[31merror[0m] [0m[0m[31m51 |[0m      [33mval[0m [36mclasses[0m = [31m"state-node "[0m + ([33mif[0m (rx.inits.contains(state)) [31m"current-state"[0m [33melse[0m [31m""[0m) + invariantClass[0m
[0m[[0m[31merror[0m] [0m[0m[31m[31m   |[0m                                                           ^^^^^[0m[0m
[0m[[0m[31merror[0m] [0m[0m[31m   |[0m                                     Found:    (state : Any)[0m
[0m[[0m[31merror[0m] [0m[0m[31m   |[0m                                     Required: rta.syntax.Program2.QName[0m
[0m[[0m[31merror[0m] [0m[0m[31m   |[0m[0m
[0m[[0m[31merror[0m] [0m[0m[31m   |[0m longer explanation available when compiling with `-explain`[0m
[0m[[0m[31merror[0m] [0m[0m[31m[31m-- [E008] Not Found Error: C:\Users\Utilizador\Desktop\RTATOOL2\shared\src\main\scala\rta\backend\CytoscapeConverter.scala:53:67 [0m[0m[0m
[0m[[0m[31merror[0m] [0m[0m[31m53 |[0m      [31ms"""{ "data": { "id": "[0m${state.toString}[31m", "label": "[0m${state.show}[31m" [0m${parentJson}${invariantJson}[31m }, "classes": "[0m$classes[31m" }"""[0m[0m
[0m[[0m[31merror[0m] [0m[0m[31m[31m   |[0m                                                             ^^^^^^^^^^[0m[0m
[0m[[0m[31merror[0m] [0m[0m[31m   |[0m                                       value show is not a member of Any[0m
[0m[[0m[31merror[0m] [0m[0m[31m[31m-- [E008] Not Found Error: C:\Users\Utilizador\Desktop\RTATOOL2\shared\src\main\scala\rta\backend\CytoscapeConverter.scala:60:48 [0m[0m[0m
[0m[[0m[31merror[0m] [0m[0m[31m60 |[0m      [33mval[0m [36mvisualLabel[0m = [33mif[0m (transId == lbl) lbl.show [33melse[0m [31ms"[0m${lbl.show}[31m([0m${transId.show}[31m)"[0m[0m
[0m[[0m[31merror[0m] [0m[0m[31m[31m   |[0m                                            ^^^^^^^^[0m[0m
[0m[[0m[31merror[0m] [0m[0m[31m   |[0m                                       value show is not a member of Any[0m
[0m[[0m[31merror[0m] [0m[0m[31m[31m-- [E008] Not Found Error: C:\Users\Utilizador\Desktop\RTATOOL2\shared\src\main\scala\rta\backend\CytoscapeConverter.scala:60:66 [0m[0m[0m
[0m[[0m[31merror[0m] [0m[0m[31m60 |[0m      [33mval[0m [36mvisualLabel[0m = [33mif[0m (transId == lbl) lbl.show [33melse[0m [31ms"[0m${lbl.show}[31m([0m${transId.show}[31m)"[0m[0m
[0m[[0m[31merror[0m] [0m[0m[31m[31m   |[0m                                                              ^^^^^^^^[0m[0m
[0m[[0m[31merror[0m] [0m[0m[31m   |[0m                                       value show is not a member of Any[0m
[0m[[0m[31merror[0m] [0m[0m[31m[31m-- [E008] Not Found Error: C:\Users\Utilizador\Desktop\RTATOOL2\shared\src\main\scala\rta\backend\CytoscapeConverter.scala:60:82 [0m[0m[0m
[0m[[0m[31merror[0m] [0m[0m[31m60 |[0m      [33mval[0m [36mvisualLabel[0m = [33mif[0m (transId == lbl) lbl.show [33melse[0m [31ms"[0m${lbl.show}[31m([0m${transId.show}[31m)"[0m[0m
[0m[[0m[31merror[0m] [0m[0m[31m[31m   |[0m                                                                          ^^^^^^^^^^^^[0m[0m
[0m[[0m[31merror[0m] [0m[0m[31m   |[0m                                       value show is not a member of Any[0m
[0m[[0m[31merror[0m] [0m[0m[31m[31m-- [E008] Not Found Error: C:\Users\Utilizador\Desktop\RTATOOL2\shared\src\main\scala\rta\backend\CytoscapeConverter.scala:63:16 [0m[0m[0m
[0m[[0m[31merror[0m] [0m[0m[31m63 |[0m        .find(_.n.size > [31m1[0m)[0m
[0m[[0m[31merror[0m] [0m[0m[31m[31m   |[0m              ^^^[0m[0m
[0m[[0m[31merror[0m] [0m[0m[31m   |[0m              value n is not a member of Any[0m
[0m[[0m[31merror[0m] [0m[0m[31m[31m-- [E008] Not Found Error: C:\Users\Utilizador\Desktop\RTATOOL2\shared\src\main\scala\rta\backend\CytoscapeConverter.scala:64:15 [0m[0m[0m
[0m[[0m[31merror[0m] [0m[0m[31m64 |[0m        .map(_.scope.toString)[0m
[0m[[0m[31merror[0m] [0m[0m[31m[31m   |[0m             ^^^^^^^[0m[0m
[0m[[0m[31merror[0m] [0m[0m[31m   |[0m             value scope is not a member of Any[0m
[0m[[0m[31merror[0m] [0m[0m[31m[31m-- [E007] Type Mismatch Error: C:\Users\Utilizador\Desktop\RTATOOL2\shared\src\main\scala\rta\backend\CytoscapeConverter.scala:68:38 [0m[0m[0m
[0m[[0m[31merror[0m] [0m[0m[31m68 |[0m      [33mval[0m [36misEnabled[0m = rx.act.contains(edge)[0m
[0m[[0m[31merror[0m] [0m[0m[31m[31m   |[0m                                      ^^^^[0m[0m
[0m[[0m[31merror[0m] [0m[0m[31m   |[0mFound:    (edge : (rta.syntax.Program2.QName, rta.syntax.Program2.QName,[0m
[0m[[0m[31merror[0m] [0m[0m[31m   |[0m  rta.syntax.Program2.QName))[0m
[0m[[0m[31merror[0m] [0m[0m[31m   |[0mRequired: rta.syntax.Program2.Edge[0m
[0m[[0m[31merror[0m] [0m[0m[31m   |[0m[0m
[0m[[0m[31merror[0m] [0m[0m[31m   |[0m longer explanation available when compiling with `-explain`[0m
[0m[[0m[31merror[0m] [0m[0m[31m[31m-- [E007] Type Mismatch Error: C:\Users\Utilizador\Desktop\RTATOOL2\shared\src\main\scala\rta\backend\CytoscapeConverter.scala:77:40 [0m[0m[0m
[0m[[0m[31merror[0m] [0m[0m[31m77 |[0m      [33mval[0m [36misDisabled[0m = !rx.act.contains(edge)[0m
[0m[[0m[31merror[0m] [0m[0m[31m[31m   |[0m                                        ^^^^[0m[0m
[0m[[0m[31merror[0m] [0m[0m[31m   |[0mFound:    (edge : (rta.syntax.Program2.QName, rta.syntax.Program2.QName,[0m
[0m[[0m[31merror[0m] [0m[0m[31m   |[0m  rta.syntax.Program2.QName))[0m
[0m[[0m[31merror[0m] [0m[0m[31m   |[0mRequired: rta.syntax.Program2.Edge[0m
[0m[[0m[31merror[0m] [0m[0m[31m   |[0m[0m
[0m[[0m[31merror[0m] [0m[0m[31m   |[0m longer explanation available when compiling with `-explain`[0m
[0m[[0m[31merror[0m] [0m[0m[31m[31m-- [E007] Type Mismatch Error: C:\Users\Utilizador\Desktop\RTATOOL2\shared\src\main\scala\rta\backend\CytoscapeConverter.scala:81:59 [0m[0m[0m
[0m[[0m[31merror[0m] [0m[0m[31m81 |[0m      [33mval[0m [36mfullConditionLabel[0m = rx.edgeConditions.getOrElse(edge, None)[0m
[0m[[0m[31merror[0m] [0m[0m[31m[31m   |[0m                                                           ^^^^[0m[0m
[0m[[0m[31merror[0m] [0m[0m[31m   |[0mFound:    (edge : (rta.syntax.Program2.QName, rta.syntax.Program2.QName,[0m
[0m[[0m[31merror[0m] [0m[0m[31m   |[0m  rta.syntax.Program2.QName))[0m
[0m[[0m[31merror[0m] [0m[0m[31m   |[0mRequired: rta.syntax.Program2.Edge[0m
[0m[[0m[31merror[0m] [0m[0m[31m   |[0m[0m
[0m[[0m[31merror[0m] [0m[0m[31m   |[0m longer explanation available when compiling with `-explain`[0m
[0m[[0m[31merror[0m] [0m[0m[31m[31m-- [E007] Type Mismatch Error: C:\Users\Utilizador\Desktop\RTATOOL2\shared\src\main\scala\rta\backend\CytoscapeConverter.scala:95:45 [0m[0m[0m
[0m[[0m[31merror[0m] [0m[0m[31m95 |[0m      [33mval[0m [36mupdates[0m = rx.edgeUpdates.getOrElse(edge, Nil)[0m
[0m[[0m[31merror[0m] [0m[0m[31m[31m   |[0m                                             ^^^^[0m[0m
[0m[[0m[31merror[0m] [0m[0m[31m   |[0mFound:    (edge : (rta.syntax.Program2.QName, rta.syntax.Program2.QName,[0m
[0m[[0m[31merror[0m] [0m[0m[31m   |[0m  rta.syntax.Program2.QName))[0m
[0m[[0m[31merror[0m] [0m[0m[31m   |[0mRequired: rta.syntax.Program2.Edge[0m
[0m[[0m[31merror[0m] [0m[0m[31m   |[0m[0m
[0m[[0m[31merror[0m] [0m[0m[31m   |[0m longer explanation available when compiling with `-explain`[0m
[0m[[0m[31merror[0m] [0m[0m[31m[31m-- [E007] Type Mismatch Error: C:\Users\Utilizador\Desktop\RTATOOL2\shared\src\main\scala\rta\backend\CytoscapeConverter.scala:120:44 [0m[0m[0m
[0m[[0m[31merror[0m] [0m[0m[31m120 |[0m      [33mval[0m [36misRuleDisabled[0m = !rx.act.contains(ruleEdge)[0m
[0m[[0m[31merror[0m] [0m[0m[31m[31m    |[0m                                            ^^^^^^^^[0m[0m
[0m[[0m[31merror[0m] [0m[0m[31m    |[0mFound:    (ruleEdge : (rta.syntax.Program2.QName, rta.syntax.Program2.QName,[0m
[0m[[0m[31merror[0m] [0m[0m[31m    |[0m  rta.syntax.Program2.QName))[0m
[0m[[0m[31merror[0m] [0m[0m[31m    |[0mRequired: rta.syntax.Program2.Edge[0m
[0m[[0m[31merror[0m] [0m[0m[31m    |[0m[0m
[0m[[0m[31merror[0m] [0m[0m[31m    |[0m longer explanation available when compiling with `-explain`[0m
[0m[[0m[33mwarn[0m] [0m[0m[33m[33m-- Warning: C:\Users\Utilizador\Desktop\RTATOOL2\shared\src\main\scala\rta\backend\CytoscapeConverter.scala:57:37 [0m[0m[0m
[0m[[0m[33mwarn[0m] [0m[0m[33m57 |[0m      [33mval[0m (from, to, transId, lbl) = edge[0m
[0m[[0m[33mwarn[0m] [0m[0m[33m[33m   |[0m                                     ^^^^[0m[0m
[0m[[0m[33mwarn[0m] [0m[0m[33m   |[0mpattern's type (Any, Any, Any, Any) does not match the right hand side expression's type (rta.syntax.Program2.QName, rta.syntax.Program2.QName, rta.syntax.Program2.QName[0m
[0m[[0m[33mwarn[0m] [0m[0m[33m   |[0m  )[0m
[0m[[0m[33mwarn[0m] [0m[0m[33m   |[0m[0m
[0m[[0m[33mwarn[0m] [0m[0m[33m   |[0mIf the narrowing is intentional, this can be communicated by adding `: @unchecked` after the expression,[0m
[0m[[0m[33mwarn[0m] [0m[0m[33m   |[0mwhich may result in a MatchError at runtime.[0m
[0m[[0m[33mwarn[0m] [0m[0m[33m   |[0mThis patch can be rewritten automatically under -rewrite -source 3.2-migration.[0m
[0m[[0m[31merror[0m] [0m[0m[31m[31m-- [E008] Not Found Error: C:\Users\Utilizador\Desktop\RTATOOL2\shared\src\main\scala\rta\backend\PdlEvaluator.scala:38:42 [0m[0m[0m
[0m[[0m[31merror[0m] [0m[0m[31m38 |[0m                  [33mval[0m [36mcurrentScope[0m = from.scope[0m
[0m[[0m[31merror[0m] [0m[0m[31m[31m   |[0m                                     ^^^^^^^^^^[0m[0m
[0m[[0m[31merror[0m] [0m[0m[31m   |[0mvalue scope is not a member of rta.syntax.Program2.QName - did you mean from.clone?[0m
[0m[[0m[31merror[0m] [0m[0m[31m[31m-- [E008] Not Found Error: C:\Users\Utilizador\Desktop\RTATOOL2\shared\src\main\scala\rta\syntax\Parser2.scala:67:16 [0m[0m[0m
[0m[[0m[31merror[0m] [0m[0m[31m67 |[0m        rx = rx.addInit(reader.parseQName())[0m
[0m[[0m[31merror[0m] [0m[0m[31m[31m   |[0m             ^^^^^^^^^^[0m[0m
[0m[[0m[31merror[0m] [0m[0m[31m   |[0m            value addInit is not a member of rta.syntax.Program2.RxGraph[0m
[0m[[0m[31merror[0m] [0m[0m[31m[31m-- [E008] Not Found Error: C:\Users\Utilizador\Desktop\RTATOOL2\shared\src\main\scala\rta\syntax\Parser2.scala:73:16 [0m[0m[0m
[0m[[0m[31merror[0m] [0m[0m[31m73 |[0m        rx = rx.addVariable(name, value)[0m
[0m[[0m[31merror[0m] [0m[0m[31m[31m   |[0m             ^^^^^^^^^^^^^^[0m[0m
[0m[[0m[31merror[0m] [0m[0m[31m   |[0m        value addVariable is not a member of rta.syntax.Program2.RxGraph[0m
[0m[[0m[31merror[0m] [0m[0m[31m[31m-- [E008] Not Found Error: C:\Users\Utilizador\Desktop\RTATOOL2\shared\src\main\scala\rta\syntax\Parser2.scala:92:16 [0m[0m[0m
[0m[[0m[31merror[0m] [0m[0m[31m92 |[0m        rx = rx ++ (name / innerRx)[0m
[0m[[0m[31merror[0m] [0m[0m[31m[31m   |[0m             ^^^^^[0m[0m
[0m[[0m[31merror[0m] [0m[0m[31m   |[0m             value ++ is not a member of rta.syntax.Program2.RxGraph[0m
[0m[[0m[31merror[0m] [0m[0m[31m[31m-- [E008] Not Found Error: C:\Users\Utilizador\Desktop\RTATOOL2\shared\src\main\scala\rta\syntax\Parser2.scala:153:23 [0m[0m[0m
[0m[[0m[31merror[0m] [0m[0m[31m153 |[0m      [33mcase[0m [31m"->>"[0m => rx.addOn(from, to, label, cond, updates)[0m
[0m[[0m[31merror[0m] [0m[0m[31m[31m    |[0m                    ^^^^^^^^[0m[0m
[0m[[0m[31merror[0m] [0m[0m[31m    |[0m            value addOn is not a member of rta.syntax.Program2.RxGraph[0m
[0m[[0m[31merror[0m] [0m[0m[31m[31m-- [E008] Not Found Error: C:\Users\Utilizador\Desktop\RTATOOL2\shared\src\main\scala\rta\syntax\Parser2.scala:154:31 [0m[0m[0m
[0m[[0m[31merror[0m] [0m[0m[31m154 |[0m      [33mcase[0m [31m"--!"[0m | [31m"--x"[0m => rx.addOff(from, to, label, cond, updates)[0m
[0m[[0m[31merror[0m] [0m[0m[31m[31m    |[0m                            ^^^^^^^^^[0m[0m
[0m[[0m[31merror[0m] [0m[0m[31m    |[0m           value addOff is not a member of rta.syntax.Program2.RxGraph[0m
[0m[[0m[31merror[0m] [0m[0m[31m[31m-- [E008] Not Found Error: C:\Users\Utilizador\Desktop\RTATOOL2\shared\src\main\scala\rta\syntax\Parser2.scala:155:25 [0m[0m[0m
[0m[[0m[31merror[0m] [0m[0m[31m155 |[0m      [33mcase[0m [31m"---->"[0m => rx.addOn(from, to, label, cond, updates).addOff(to, to, label, cond, updates)[0m
[0m[[0m[31merror[0m] [0m[0m[31m[31m    |[0m                      ^^^^^^^^[0m[0m
[0m[[0m[31merror[0m] [0m[0m[31m    |[0m            value addOn is not a member of rta.syntax.Program2.RxGraph[0m
[0m[[0m[31merror[0m] [0m[0m[31m[31m-- [E008] Not Found Error: C:\Users\Utilizador\Desktop\RTATOOL2\shared\src\main\scala\rta\syntax\Parser2.scala:156:25 [0m[0m[0m
[0m[[0m[31merror[0m] [0m[0m[31m156 |[0m      [33mcase[0m [31m"--#--"[0m => rx.addOff(from, to, label, cond, updates).addOff(to, from, label, cond, updates)[0m
[0m[[0m[31merror[0m] [0m[0m[31m[31m    |[0m                      ^^^^^^^^^[0m[0m
[0m[[0m[31merror[0m] [0m[0m[31m    |[0m           value addOff is not a member of rta.syntax.Program2.RxGraph[0m
[0m[[0m[31merror[0m] [0m[0m[31m[31m-- [E008] Not Found Error: C:\Users\Utilizador\Desktop\RTATOOL2\shared\src\main\scala\rta\syntax\Parser2.scala:160:24 [0m[0m[0m
[0m[[0m[31merror[0m] [0m[0m[31m160 |[0m    [33mif[0m (disabled) newRx.deactivate(from, to, label) [33melse[0m newRx[0m
[0m[[0m[31merror[0m] [0m[0m[31m[31m    |[0m                  ^^^^^^^^^^^^^^^^[0m[0m
[0m[[0m[31merror[0m] [0m[0m[31m    |[0m       value deactivate is not a member of rta.syntax.Program2.RxGraph[0m
[0m[[0m[31merror[0m] [0m[0m[31m[31m-- [E008] Not Found Error: C:\Users\Utilizador\Desktop\RTATOOL2\shared\src\main\scala\rta\syntax\Program2.scala:180:9 [0m[0m[0m
[0m[[0m[31merror[0m] [0m[0m[31m180 |[0m    [33mthis[0m.copy(on = add(s1 -> (s2, tId, l), on),[0m
[0m[[0m[31merror[0m] [0m[0m[31m[31m    |[0m    ^^^^^^^^^[0m[0m
[0m[[0m[31merror[0m] [0m[0m[31m    |[0mvalue copy is not a member of object rta.syntax.Program2 - did you mean (rta.syntax.Program2 : rta.syntax.Program2.type).clone?[0m
[0m[[0m[31merror[0m] [0m[0m[31m[31m-- [E006] Not Found Error: C:\Users\Utilizador\Desktop\RTATOOL2\shared\src\main\scala\rta\syntax\Program2.scala:180:43 [0m[0m[0m
[0m[[0m[31merror[0m] [0m[0m[31m180 |[0m    [33mthis[0m.copy(on = add(s1 -> (s2, tId, l), on),[0m
[0m[[0m[31merror[0m] [0m[0m[31m[31m    |[0m                                           ^^[0m[0m
[0m[[0m[31merror[0m] [0m[0m[31m    |[0m                                           Not found: on[0m
[0m[[0m[31merror[0m] [0m[0m[31m    |[0m[0m
[0m[[0m[31merror[0m] [0m[0m[31m    |[0m longer explanation available when compiling with `-explain`[0m
[0m[[0m[31merror[0m] [0m[0m[31m[31m-- [E006] Not Found Error: C:\Users\Utilizador\Desktop\RTATOOL2\shared\src\main\scala\rta\syntax\Program2.scala:181:28 [0m[0m[0m
[0m[[0m[31merror[0m] [0m[0m[31m181 |[0m      lbls = add(l -> edge, lbls),[0m
[0m[[0m[31merror[0m] [0m[0m[31m[31m    |[0m                            ^^^^[0m[0m
[0m[[0m[31merror[0m] [0m[0m[31m    |[0m                            Not found: lbls[0m
[0m[[0m[31merror[0m] [0m[0m[31m    |[0m[0m
[0m[[0m[31merror[0m] [0m[0m[31m    |[0m longer explanation available when compiling with `-explain`[0m
[0m[[0m[31merror[0m] [0m[0m[31m[31m-- [E006] Not Found Error: C:\Users\Utilizador\Desktop\RTATOOL2\shared\src\main\scala\rta\syntax\Program2.scala:182:12 [0m[0m[0m
[0m[[0m[31merror[0m] [0m[0m[31m182 |[0m      act = act + edge,[0m
[0m[[0m[31merror[0m] [0m[0m[31m[31m    |[0m            ^^^[0m[0m
[0m[[0m[31merror[0m] [0m[0m[31m    |[0m            Not found: act[0m
[0m[[0m[31merror[0m] [0m[0m[31m    |[0m[0m
[0m[[0m[31merror[0m] [0m[0m[31m    |[0m longer explanation available when compiling with `-explain`[0m
[0m[[0m[31merror[0m] [0m[0m[31m[31m-- [E006] Not Found Error: C:\Users\Utilizador\Desktop\RTATOOL2\shared\src\main\scala\rta\syntax\Program2.scala:183:23 [0m[0m[0m
[0m[[0m[31merror[0m] [0m[0m[31m183 |[0m      edgeConditions = edgeConditions + (edge -> cond),[0m
[0m[[0m[31merror[0m] [0m[0m[31m[31m    |[0m                       ^^^^^^^^^^^^^^[0m[0m
[0m[[0m[31merror[0m] [0m[0m[31m    |[0m                       Not found: edgeConditions[0m
[0m[[0m[31merror[0m] [0m[0m[31m    |[0m[0m
[0m[[0m[31merror[0m] [0m[0m[31m    |[0m longer explanation available when compiling with `-explain`[0m
[0m[[0m[31merror[0m] [0m[0m[31m[31m-- [E006] Not Found Error: C:\Users\Utilizador\Desktop\RTATOOL2\shared\src\main\scala\rta\syntax\Program2.scala:184:20 [0m[0m[0m
[0m[[0m[31merror[0m] [0m[0m[31m184 |[0m      edgeUpdates = edgeUpdates + (edge -> upd))[0m
[0m[[0m[31merror[0m] [0m[0m[31m[31m    |[0m                    ^^^^^^^^^^^[0m[0m
[0m[[0m[31merror[0m] [0m[0m[31m    |[0m                    Not found: edgeUpdates[0m
[0m[[0m[31merror[0m] [0m[0m[31m    |[0m[0m
[0m[[0m[31merror[0m] [0m[0m[31m    |[0m longer explanation available when compiling with `-explain`[0m
[0m[[0m[31merror[0m] [0m[0m[31m[31m-- [E008] Not Found Error: C:\Users\Utilizador\Desktop\RTATOOL2\shared\src\main\scala\rta\syntax\Program2.scala:188:9 [0m[0m[0m
[0m[[0m[31merror[0m] [0m[0m[31m188 |[0m    [33mthis[0m.copy(off = add(s1 -> (s2, tId, l), off),[0m
[0m[[0m[31merror[0m] [0m[0m[31m[31m    |[0m    ^^^^^^^^^[0m[0m
[0m[[0m[31merror[0m] [0m[0m[31m    |[0mvalue copy is not a member of object rta.syntax.Program2 - did you mean (rta.syntax.Program2 : rta.syntax.Program2.type).clone?[0m
[0m[[0m[31merror[0m] [0m[0m[31m[31m-- [E006] Not Found Error: C:\Users\Utilizador\Desktop\RTATOOL2\shared\src\main\scala\rta\syntax\Program2.scala:188:44 [0m[0m[0m
[0m[[0m[31merror[0m] [0m[0m[31m188 |[0m    [33mthis[0m.copy(off = add(s1 -> (s2, tId, l), off),[0m
[0m[[0m[31merror[0m] [0m[0m[31m[31m    |[0m                                            ^^^[0m[0m
[0m[[0m[31merror[0m] [0m[0m[31m    |[0m                                            Not found: off[0m
[0m[[0m[31merror[0m] [0m[0m[31m    |[0m[0m
[0m[[0m[31merror[0m] [0m[0m[31m    |[0m longer explanation available when compiling with `-explain`[0m
[0m[[0m[31merror[0m] [0m[0m[31m[31m-- [E006] Not Found Error: C:\Users\Utilizador\Desktop\RTATOOL2\shared\src\main\scala\rta\syntax\Program2.scala:189:28 [0m[0m[0m
[0m[[0m[31merror[0m] [0m[0m[31m189 |[0m      lbls = add(l -> edge, lbls),[0m
[0m[[0m[31merror[0m] [0m[0m[31m[31m    |[0m                            ^^^^[0m[0m
[0m[[0m[31merror[0m] [0m[0m[31m    |[0m                            Not found: lbls[0m
[0m[[0m[31merror[0m] [0m[0m[31m    |[0m[0m
[0m[[0m[31merror[0m] [0m[0m[31m    |[0m longer explanation available when compiling with `-explain`[0m
[0m[[0m[31merror[0m] [0m[0m[31m[31m-- [E006] Not Found Error: C:\Users\Utilizador\Desktop\RTATOOL2\shared\src\main\scala\rta\syntax\Program2.scala:190:12 [0m[0m[0m
[0m[[0m[31merror[0m] [0m[0m[31m190 |[0m      act = act + edge,[0m
[0m[[0m[31merror[0m] [0m[0m[31m[31m    |[0m            ^^^[0m[0m
[0m[[0m[31merror[0m] [0m[0m[31m    |[0m            Not found: act[0m
[0m[[0m[31merror[0m] [0m[0m[31m    |[0m[0m
[0m[[0m[31merror[0m] [0m[0m[31m    |[0m longer explanation available when compiling with `-explain`[0m
[0m[[0m[31merror[0m] [0m[0m[31m[31m-- [E006] Not Found Error: C:\Users\Utilizador\Desktop\RTATOOL2\shared\src\main\scala\rta\syntax\Program2.scala:191:23 [0m[0m[0m
[0m[[0m[31merror[0m] [0m[0m[31m191 |[0m      edgeConditions = edgeConditions + (edge -> cond),[0m
[0m[[0m[31merror[0m] [0m[0m[31m[31m    |[0m                       ^^^^^^^^^^^^^^[0m[0m
[0m[[0m[31merror[0m] [0m[0m[31m    |[0m                       Not found: edgeConditions[0m
[0m[[0m[31merror[0m] [0m[0m[31m    |[0m[0m
[0m[[0m[31merror[0m] [0m[0m[31m    |[0m longer explanation available when compiling with `-explain`[0m
[0m[[0m[31merror[0m] [0m[0m[31m[31m-- [E006] Not Found Error: C:\Users\Utilizador\Desktop\RTATOOL2\shared\src\main\scala\rta\syntax\Program2.scala:192:20 [0m[0m[0m
[0m[[0m[31merror[0m] [0m[0m[31m192 |[0m      edgeUpdates = edgeUpdates + (edge -> upd))[0m
[0m[[0m[31merror[0m] [0m[0m[31m[31m    |[0m                    ^^^^^^^^^^^[0m[0m
[0m[[0m[31merror[0m] [0m[0m[31m    |[0m                    Not found: edgeUpdates[0m
[0m[[0m[31merror[0m] [0m[0m[31m    |[0m[0m
[0m[[0m[31merror[0m] [0m[0m[31m    |[0m longer explanation available when compiling with `-explain`[0m
[0m[[0m[31merror[0m] [0m[0m[31m[31m-- [E008] Not Found Error: C:\Users\Utilizador\Desktop\RTATOOL2\shared\src\main\scala\rta\syntax\Program2.scala:195:11 [0m[0m[0m
[0m[[0m[31merror[0m] [0m[0m[31m195 |[0m      [33mthis[0m.copy(act = act - ((s1, s2, tId, l)))[0m
[0m[[0m[31merror[0m] [0m[0m[31m[31m    |[0m      ^^^^^^^^^[0m[0m
[0m[[0m[31merror[0m] [0m[0m[31m    |[0mvalue copy is not a member of object rta.syntax.Program2 - did you mean (rta.syntax.Program2 : rta.syntax.Program2.type).clone?[0m
[0m[[0m[31merror[0m] [0m[0m[31m[31m-- [E006] Not Found Error: C:\Users\Utilizador\Desktop\RTATOOL2\shared\src\main\scala\rta\syntax\Program2.scala:195:22 [0m[0m[0m
[0m[[0m[31merror[0m] [0m[0m[31m195 |[0m      [33mthis[0m.copy(act = act - ((s1, s2, tId, l)))[0m
[0m[[0m[31merror[0m] [0m[0m[31m[31m    |[0m                      ^^^[0m[0m
[0m[[0m[31merror[0m] [0m[0m[31m    |[0m                      Not found: act[0m
[0m[[0m[31merror[0m] [0m[0m[31m    |[0m[0m
[0m[[0m[31merror[0m] [0m[0m[31m    |[0m longer explanation available when compiling with `-explain`[0m
[0m[[0m[31merror[0m] [0m[0m[31m[31m-- [E008] Not Found Error: C:\Users\Utilizador\Desktop\RTATOOL2\shared\src\main\scala\rta\syntax\Program2.scala:197:11 [0m[0m[0m
[0m[[0m[31merror[0m] [0m[0m[31m197 |[0m      [33mthis[0m.copy(inits = inits+s)[0m
[0m[[0m[31merror[0m] [0m[0m[31m[31m    |[0m      ^^^^^^^^^[0m[0m
[0m[[0m[31merror[0m] [0m[0m[31m    |[0mvalue copy is not a member of object rta.syntax.Program2 - did you mean (rta.syntax.Program2 : rta.syntax.Program2.type).clone?[0m
[0m[[0m[31merror[0m] [0m[0m[31m[31m-- [E006] Not Found Error: C:\Users\Utilizador\Desktop\RTATOOL2\shared\src\main\scala\rta\syntax\Program2.scala:197:24 [0m[0m[0m
[0m[[0m[31merror[0m] [0m[0m[31m197 |[0m      [33mthis[0m.copy(inits = inits+s)[0m
[0m[[0m[31merror[0m] [0m[0m[31m[31m    |[0m                        ^^^^^[0m[0m
[0m[[0m[31merror[0m] [0m[0m[31m    |[0m                        Not found: inits[0m
[0m[[0m[31merror[0m] [0m[0m[31m    |[0m[0m
[0m[[0m[31merror[0m] [0m[0m[31m    |[0m longer explanation available when compiling with `-explain`[0m
[0m[[0m[31merror[0m] [0m[0m[31m[31m-- [E008] Not Found Error: C:\Users\Utilizador\Desktop\RTATOOL2\shared\src\main\scala\rta\syntax\Program2.scala:199:11 [0m[0m[0m
[0m[[0m[31merror[0m] [0m[0m[31m199 |[0m      [33mthis[0m.copy(val_env = val_env + (name -> value))[0m
[0m[[0m[31merror[0m] [0m[0m[31m[31m    |[0m      ^^^^^^^^^[0m[0m
[0m[[0m[31merror[0m] [0m[0m[31m    |[0mvalue copy is not a member of object rta.syntax.Program2 - did you mean (rta.syntax.Program2 : rta.syntax.Program2.type).clone?[0m
[0m[[0m[31merror[0m] [0m[0m[31m[31m-- [E006] Not Found Error: C:\Users\Utilizador\Desktop\RTATOOL2\shared\src\main\scala\rta\syntax\Program2.scala:199:26 [0m[0m[0m
[0m[[0m[31merror[0m] [0m[0m[31m199 |[0m      [33mthis[0m.copy(val_env = val_env + (name -> value))[0m
[0m[[0m[31merror[0m] [0m[0m[31m[31m    |[0m                          ^^^^^^^[0m[0m
[0m[[0m[31merror[0m] [0m[0m[31m    |[0m                          Not found: val_env[0m
[0m[[0m[31merror[0m] [0m[0m[31m    |[0m[0m
[0m[[0m[31merror[0m] [0m[0m[31m    |[0m longer explanation available when compiling with `-explain`[0m
[0m[[0m[31merror[0m] [0m[0m[31m[31m-- [E006] Not Found Error: C:\Users\Utilizador\Desktop\RTATOOL2\shared\src\main\scala\rta\syntax\Program2.scala:203:13 [0m[0m[0m
[0m[[0m[31merror[0m] [0m[0m[31m203 |[0m        join(edg,r.edg),join(on,r.on),join(off,r.off),[0m
[0m[[0m[31merror[0m] [0m[0m[31m[31m    |[0m             ^^^[0m[0m
[0m[[0m[31merror[0m] [0m[0m[31m    |[0m             Not found: edg[0m
[0m[[0m[31merror[0m] [0m[0m[31m    |[0m[0m
[0m[[0m[31merror[0m] [0m[0m[31m    |[0m longer explanation available when compiling with `-explain`[0m
[0m[[0m[31merror[0m] [0m[0m[31m[31m-- [E006] Not Found Error: C:\Users\Utilizador\Desktop\RTATOOL2\shared\src\main\scala\rta\syntax\Program2.scala:203:29 [0m[0m[0m
[0m[[0m[31merror[0m] [0m[0m[31m203 |[0m        join(edg,r.edg),join(on,r.on),join(off,r.off),[0m
[0m[[0m[31merror[0m] [0m[0m[31m[31m    |[0m                             ^^[0m[0m
[0m[[0m[31merror[0m] [0m[0m[31m    |[0m                             Not found: on[0m
[0m[[0m[31merror[0m] [0m[0m[31m    |[0m[0m
[0m[[0m[31merror[0m] [0m[0m[31m    |[0m longer explanation available when compiling with `-explain`[0m
[0m[[0m[31merror[0m] [0m[0m[31m[31m-- [E006] Not Found Error: C:\Users\Utilizador\Desktop\RTATOOL2\shared\src\main\scala\rta\syntax\Program2.scala:203:43 [0m[0m[0m
[0m[[0m[31merror[0m] [0m[0m[31m203 |[0m        join(edg,r.edg),join(on,r.on),join(off,r.off),[0m
[0m[[0m[31merror[0m] [0m[0m[31m[31m    |[0m                                           ^^^[0m[0m
[0m[[0m[31merror[0m] [0m[0m[31m    |[0m                                           Not found: off[0m
[0m[[0m[31merror[0m] [0m[0m[31m    |[0m[0m
[0m[[0m[31merror[0m] [0m[0m[31m    |[0m longer explanation available when compiling with `-explain`[0m
[0m[[0m[31merror[0m] [0m[0m[31m[31m-- [E006] Not Found Error: C:\Users\Utilizador\Desktop\RTATOOL2\shared\src\main\scala\rta\syntax\Program2.scala:204:13 [0m[0m[0m
[0m[[0m[31merror[0m] [0m[0m[31m204 |[0m        join(lbls,r.lbls),inits++r.inits,act++r.act,[0m
[0m[[0m[31merror[0m] [0m[0m[31m[31m    |[0m             ^^^^[0m[0m
[0m[[0m[31merror[0m] [0m[0m[31m    |[0m             Not found: lbls[0m
[0m[[0m[31merror[0m] [0m[0m[31m    |[0m[0m
[0m[[0m[31merror[0m] [0m[0m[31m    |[0m longer explanation available when compiling with `-explain`[0m
[0m[[0m[31merror[0m] [0m[0m[31m[31m-- [E006] Not Found Error: C:\Users\Utilizador\Desktop\RTATOOL2\shared\src\main\scala\rta\syntax\Program2.scala:204:26 [0m[0m[0m
[0m[[0m[31merror[0m] [0m[0m[31m204 |[0m        join(lbls,r.lbls),inits++r.inits,act++r.act,[0m
[0m[[0m[31merror[0m] [0m[0m[31m[31m    |[0m                          ^^^^^[0m[0m
[0m[[0m[31merror[0m] [0m[0m[31m    |[0m                          Not found: inits[0m
[0m[[0m[31merror[0m] [0m[0m[31m    |[0m[0m
[0m[[0m[31merror[0m] [0m[0m[31m    |[0m longer explanation available when compiling with `-explain`[0m
[0m[[0m[31merror[0m] [0m[0m[31m[31m-- [E006] Not Found Error: C:\Users\Utilizador\Desktop\RTATOOL2\shared\src\main\scala\rta\syntax\Program2.scala:204:41 [0m[0m[0m
[0m[[0m[31merror[0m] [0m[0m[31m204 |[0m        join(lbls,r.lbls),inits++r.inits,act++r.act,[0m
[0m[[0m[31merror[0m] [0m[0m[31m[31m    |[0m                                         ^^^[0m[0m
[0m[[0m[31merror[0m] [0m[0m[31m    |[0m                                         Not found: act[0m
[0m[[0m[31merror[0m] [0m[0m[31m    |[0m[0m
[0m[[0m[31merror[0m] [0m[0m[31m    |[0m longer explanation available when compiling with `-explain`[0m
[0m[[0m[31merror[0m] [0m[0m[31m[31m-- [E006] Not Found Error: C:\Users\Utilizador\Desktop\RTATOOL2\shared\src\main\scala\rta\syntax\Program2.scala:205:8 [0m[0m[0m
[0m[[0m[31merror[0m] [0m[0m[31m205 |[0m        val_env ++ r.val_env, [0m
[0m[[0m[31merror[0m] [0m[0m[31m[31m    |[0m        ^^^^^^^[0m[0m
[0m[[0m[31merror[0m] [0m[0m[31m    |[0m        Not found: val_env[0m
[0m[[0m[31merror[0m] [0m[0m[31m    |[0m[0m
[0m[[0m[31merror[0m] [0m[0m[31m    |[0m longer explanation available when compiling with `-explain`[0m
[0m[[0m[31merror[0m] [0m[0m[31m[31m-- [E006] Not Found Error: C:\Users\Utilizador\Desktop\RTATOOL2\shared\src\main\scala\rta\syntax\Program2.scala:206:8 [0m[0m[0m
[0m[[0m[31merror[0m] [0m[0m[31m206 |[0m        clocks ++ r.clocks,[0m
[0m[[0m[31merror[0m] [0m[0m[31m[31m    |[0m        ^^^^^^[0m[0m
[0m[[0m[31merror[0m] [0m[0m[31m    |[0m        Not found: clocks[0m
[0m[[0m[31merror[0m] [0m[0m[31m    |[0m[0m
[0m[[0m[31merror[0m] [0m[0m[31m    |[0m longer explanation available when compiling with `-explain`[0m
[0m[[0m[31merror[0m] [0m[0m[31m[31m-- [E006] Not Found Error: C:\Users\Utilizador\Desktop\RTATOOL2\shared\src\main\scala\rta\syntax\Program2.scala:207:8 [0m[0m[0m
[0m[[0m[31merror[0m] [0m[0m[31m207 |[0m        clock_env ++ r.clock_env,[0m
[0m[[0m[31merror[0m] [0m[0m[31m[31m    |[0m        ^^^^^^^^^[0m[0m
[0m[[0m[31merror[0m] [0m[0m[31m    |[0m        Not found: clock_env[0m
[0m[[0m[31merror[0m] [0m[0m[31m    |[0m[0m
[0m[[0m[31merror[0m] [0m[0m[31m    |[0m longer explanation available when compiling with `-explain`[0m
[0m[[0m[31merror[0m] [0m[0m[31m[31m-- [E006] Not Found Error: C:\Users\Utilizador\Desktop\RTATOOL2\shared\src\main\scala\rta\syntax\Program2.scala:208:8 [0m[0m[0m
[0m[[0m[31merror[0m] [0m[0m[31m208 |[0m        invariants ++ r.invariants,[0m
[0m[[0m[31merror[0m] [0m[0m[31m[31m    |[0m        ^^^^^^^^^^[0m[0m
[0m[[0m[31merror[0m] [0m[0m[31m    |[0m        Not found: invariants[0m
[0m[[0m[31merror[0m] [0m[0m[31m    |[0m[0m
[0m[[0m[31merror[0m] [0m[0m[31m    |[0m longer explanation available when compiling with `-explain`[0m
[0m[[0m[31merror[0m] [0m[0m[31m[31m-- [E006] Not Found Error: C:\Users\Utilizador\Desktop\RTATOOL2\shared\src\main\scala\rta\syntax\Program2.scala:209:8 [0m[0m[0m
[0m[[0m[31merror[0m] [0m[0m[31m209 |[0m        edgeConditions ++ r.edgeConditions, [0m
[0m[[0m[31merror[0m] [0m[0m[31m[31m    |[0m        ^^^^^^^^^^^^^^[0m[0m
[0m[[0m[31merror[0m] [0m[0m[31m    |[0m        Not found: edgeConditions[0m
[0m[[0m[31merror[0m] [0m[0m[31m    |[0m[0m
[0m[[0m[31merror[0m] [0m[0m[31m    |[0m longer explanation available when compiling with `-explain`[0m
[0m[[0m[31merror[0m] [0m[0m[31m[31m-- [E006] Not Found Error: C:\Users\Utilizador\Desktop\RTATOOL2\shared\src\main\scala\rta\syntax\Program2.scala:210:8 [0m[0m[0m
[0m[[0m[31merror[0m] [0m[0m[31m210 |[0m        edgeUpdates ++ r.edgeUpdates [0m
[0m[[0m[31merror[0m] [0m[0m[31m[31m    |[0m        ^^^^^^^^^^^[0m[0m
[0m[[0m[31merror[0m] [0m[0m[31m    |[0m        Not found: edgeUpdates[0m
[0m[[0m[31merror[0m] [0m[0m[31m    |[0m[0m
[0m[[0m[31merror[0m] [0m[0m[31m    |[0m longer explanation available when compiling with `-explain`[0m
[0m[[0m[31merror[0m] [0m[0m[31m[31m-- [E008] Not Found Error: C:\Users\Utilizador\Desktop\RTATOOL2\shared\src\main\scala\rta\syntax\Program2.scala:313:7 [0m[0m[0m
[0m[[0m[31merror[0m] [0m[0m[31m312 |[0m    [33mval[0m [36mg1[0m = RxGraph()[0m
[0m[[0m[31merror[0m] [0m[0m[31m313 |[0m      .addInit(s1)[0m
[0m[[0m[31merror[0m] [0m[0m[31m[31m    |[0m             ^[0m[0m
[0m[[0m[31merror[0m] [0m[0m[31m    |[0m          value addInit is not a member of rta.syntax.Program2.RxGraph[0m
[0m[[0m[31merror[0m] [0m[0m[31m[31m-- [E008] Not Found Error: C:\Users\Utilizador\Desktop\RTATOOL2\shared\src\main\scala\rta\syntax\Program2.scala:318:7 [0m[0m[0m
[0m[[0m[31merror[0m] [0m[0m[31m317 |[0m    [33mval[0m [36mcounter[0m = RxGraph()[0m
[0m[[0m[31merror[0m] [0m[0m[31m318 |[0m      .addInit([31m"0"[0m)[0m
[0m[[0m[31merror[0m] [0m[0m[31m[31m    |[0m                  ^[0m[0m
[0m[[0m[31merror[0m] [0m[0m[31m    |[0m          value addInit is not a member of rta.syntax.Program2.RxGraph[0m
[0m[[0m[33mwarn[0m] [0m[0m[33m[33m-- Warning: C:\Users\Utilizador\Desktop\RTATOOL2\shared\src\main\scala\rta\syntax\Program2.scala:165:34 [0m[0m[0m
[0m[[0m[33mwarn[0m] [0m[0m[33m165 |[0m      [33mfor[0m (src,dests)<-edg.toSet; (d,_)<-dests; st <- Set(src,d) [33myield[0m st[0m
[0m[[0m[33mwarn[0m] [0m[0m[33m[33m    |[0m                                  ^^^^^[0m[0m
[0m[[0m[33mwarn[0m] [0m[0m[33m    |[0mpattern's type (Any, Any) does not match the right hand side expression's type (rta.syntax.Program2.QName, rta.syntax.Program2.QName, rta.syntax.Program2.QName[0m
[0m[[0m[33mwarn[0m] [0m[0m[33m    |[0m  )[0m
[0m[[0m[33mwarn[0m] [0m[0m[33m    |[0m[0m
[0m[[0m[33mwarn[0m] [0m[0m[33m    |[0mIf the narrowing is intentional, this can be communicated by adding the `case` keyword before the full pattern,[0m
[0m[[0m[33mwarn[0m] [0m[0m[33m    |[0mwhich will result in a filtering for expression (using `withFilter`).[0m
[0m[[0m[33mwarn[0m] [0m[0m[33m    |[0mThis patch can be rewritten automatically under -rewrite -source 3.2-migration.[0m
[0m[[0m[31merror[0m] [0m[0m[31m[31m-- [E007] Type Mismatch Error: C:\Users\Utilizador\Desktop\RTATOOL2\shared\src\main\scala\rta\syntax\Translate.scala:66:26 [0m[0m[0m
[0m[[0m[31merror[0m] [0m[0m[31m66 |[0m      stx.edgeUpdates.get(simpleEdge).foreach { [36mupdates[0m =>[0m
[0m[[0m[31merror[0m] [0m[0m[31m[31m   |[0m                          ^^^^^^^^^^[0m[0m
[0m[[0m[31merror[0m] [0m[0m[31m   |[0m          Found:    [1m[31m([0m[1m[31msimpleEdge[0m[1m[31m [0m[1m[31m:[0m[1m[31m [0m[1m[31m([0mrta.syntax.Program2.[1m[31mQName[0m[1m[31m,[0m[1m[31m [0m[1m[31mAny[0m[1m[31m,[0m[1m[31m [0m[1m[31mAny[0m[1m[31m)[0m[1m[31m)[0m[0m
[0m[[0m[31merror[0m] [0m[0m[31m   |[0m          Required: rta.syntax.Program2.[1m[32mEdge[0m[0m
[0m[[0m[31merror[0m] [0m[0m[31m   |[0m[0m
[0m[[0m[31merror[0m] [0m[0m[31m   |[0m longer explanation available when compiling with `-explain`[0m
[0m[[0m[31merror[0m] [0m[0m[31m[31m-- [E007] Type Mismatch Error: C:\Users\Utilizador\Desktop\RTATOOL2\shared\src\main\scala\rta\syntax\Translate.scala:73:47 [0m[0m[0m
[0m[[0m[31merror[0m] [0m[0m[31m73 |[0m      [33mval[0m [36mallEffects[0m = findAllTriggeredEffects(label, stx)[0m
[0m[[0m[31merror[0m] [0m[0m[31m[31m   |[0m                                               ^^^^^[0m[0m
[0m[[0m[31merror[0m] [0m[0m[31m   |[0m                                     Found:    (label : Any)[0m
[0m[[0m[31merror[0m] [0m[0m[31m   |[0m                                     Required: rta.syntax.Program2.QName[0m
[0m[[0m[31merror[0m] [0m[0m[31m   |[0m[0m
[0m[[0m[31merror[0m] [0m[0m[31m   |[0m longer explanation available when compiling with `-explain`[0m
[0m[[0m[31merror[0m] [0m[0m[31m[31m-- [E008] Not Found Error: C:\Users\Utilizador\Desktop\RTATOOL2\shared\src\main\scala\rta\syntax\Translate.scala:105:37 [0m[0m[0m
[0m[[0m[31merror[0m] [0m[0m[31m105 |[0m      [33mval[0m [36medgeDefinition[0m = [33mif[0m (label.n.nonEmpty) [31ms"[0m${source.show}[31m --> [0m${target.show}[31m: [0m${label.show}[31m"[0m [33melse[0m [31ms"[0m${source.show}[31m --> [0m${target.show}[31m"[0m[0m
[0m[[0m[31merror[0m] [0m[0m[31m[31m    |[0m                               ^^^^^^^[0m[0m
[0m[[0m[31merror[0m] [0m[0m[31m    |[0m                               value n is not a member of Any[0m
[0m[[0m[31merror[0m] [0m[0m[31m[31m-- [E008] Not Found Error: C:\Users\Utilizador\Desktop\RTATOOL2\shared\src\main\scala\rta\syntax\Translate.scala:105:79 [0m[0m[0m
[0m[[0m[31merror[0m] [0m[0m[31m105 |[0m      [33mval[0m [36medgeDefinition[0m = [33mif[0m (label.n.nonEmpty) [31ms"[0m${source.show}[31m --> [0m${target.show}[31m: [0m${label.show}[31m"[0m [33melse[0m [31ms"[0m${source.show}[31m --> [0m${target.show}[31m"[0m[0m
[0m[[0m[31merror[0m] [0m[0m[31m[31m    |[0m                                                                        ^^^^^^^^^^^[0m[0m
[0m[[0m[31merror[0m] [0m[0m[31m    |[0m                                     value show is not a member of Any[0m
[0m[[0m[31merror[0m] [0m[0m[31m[31m-- [E008] Not Found Error: C:\Users\Utilizador\Desktop\RTATOOL2\shared\src\main\scala\rta\syntax\Translate.scala:105:94 [0m[0m[0m
[0m[[0m[31merror[0m] [0m[0m[31m105 |[0m      [33mval[0m [36medgeDefinition[0m = [33mif[0m (label.n.nonEmpty) [31ms"[0m${source.show}[31m --> [0m${target.show}[31m: [0m${label.show}[31m"[0m [33melse[0m [31ms"[0m${source.show}[31m --> [0m${target.show}[31m"[0m[0m
[0m[[0m[31merror[0m] [0m[0m[31m[31m    |[0m                                                                                        ^^^^^^^^^^[0m[0m
[0m[[0m[31merror[0m] [0m[0m[31m    |[0m                                     value show is not a member of Any[0m
[0m[[0m[31merror[0m] [0m[0m[31m[31m-- [E008] Not Found Error: C:\Users\Utilizador\Desktop\RTATOOL2\shared\src\main\scala\rta\syntax\Translate.scala:105:136 [0m[0m[0m
[0m[[0m[31merror[0m] [0m[0m[31m105 |[0m      [33mval[0m [36medgeDefinition[0m = [33mif[0m (label.n.nonEmpty) [31ms"[0m${source.show}[31m --> [0m${target.show}[31m: [0m${label.show}[31m"[0m [33melse[0m [31ms"[0m${source.show}[31m --> [0m${target.show}[31m"[0m[0m
[0m[[0m[31merror[0m] [0m[0m[31m[31m    |[0m                                                                                                                                 ^^^^^^^^^^^[0m[0m
[0m[[0m[31merror[0m] [0m[0m[31m    |[0m                                     value show is not a member of Any[0m
[0m[[0m[31merror[0m] [0m[0m[31m[31m-- [E007] Type Mismatch Error: C:\Users\Utilizador\Desktop\RTATOOL2\shared\src\main\scala\rta\syntax\Translate.scala:106:52 [0m[0m[0m
[0m[[0m[31merror[0m] [0m[0m[31m106 |[0m      [33mval[0m [36moriginalGuardOpt[0m = stx.edgeConditions.get(simpleEdge).flatten.map(conditionToString)[0m
[0m[[0m[31merror[0m] [0m[0m[31m[31m    |[0m                                                    ^^^^^^^^^^[0m[0m
[0m[[0m[31merror[0m] [0m[0m[31m    |[0m        Found:    [1m[31m([0m[1m[31msimpleEdge[0m[1m[31m [0m[1m[31m:[0m[1m[31m [0m[1m[31m([0mrta.syntax.Program2.[1m[31mQName[0m[1m[31m,[0m[1m[31m [0m[1m[31mAny[0m[1m[31m,[0m[1m[31m [0m[1m[31mAny[0m[1m[31m)[0m[1m[31m)[0m[0m
[0m[[0m[31merror[0m] [0m[0m[31m    |[0m        Required: rta.syntax.Program2.[1m[32mEdge[0m[0m
[0m[[0m[31merror[0m] [0m[0m[31m    |[0m[0m
[0m[[0m[31merror[0m] [0m[0m[31m    |[0m longer explanation available when compiling with `-explain`[0m
[0m[[0m[31merror[0m] [0m[0m[31m[31m-- [E008] Not Found Error: C:\Users\Utilizador\Desktop\RTATOOL2\shared\src\main\scala\rta\syntax\Translate.scala:108:16 [0m[0m[0m
[0m[[0m[31merror[0m] [0m[0m[31m108 |[0m      [33mif[0m (label.n.nonEmpty) mainGuardParts += [31ms"[0m${label.show}[31m_active == 1"[0m[0m
[0m[[0m[31merror[0m] [0m[0m[31m[31m    |[0m          ^^^^^^^[0m[0m
[0m[[0m[31merror[0m] [0m[0m[31m    |[0m          value n is not a member of Any[0m
[0m[[0m[31merror[0m] [0m[0m[31m[31m-- [E008] Not Found Error: C:\Users\Utilizador\Desktop\RTATOOL2\shared\src\main\scala\rta\syntax\Translate.scala:108:56 [0m[0m[0m
[0m[[0m[31merror[0m] [0m[0m[31m108 |[0m      [33mif[0m (label.n.nonEmpty) mainGuardParts += [31ms"[0m${label.show}[31m_active == 1"[0m[0m
[0m[[0m[31merror[0m] [0m[0m[31m[31m    |[0m                                                  ^^^^^^^^^^[0m[0m
[0m[[0m[31merror[0m] [0m[0m[31m    |[0m                                     value show is not a member of Any[0m
[0m[[0m[31merror[0m] [0m[0m[31m[31m-- [E007] Type Mismatch Error: C:\Users\Utilizador\Desktop\RTATOOL2\shared\src\main\scala\rta\syntax\Translate.scala:136:70 [0m[0m[0m
[0m[[0m[31merror[0m] [0m[0m[31m136 |[0m      .filterNot { [33mcase[0m (trigger, ruleName) => isPhantomRule(trigger, ruleName) }[0m
[0m[[0m[31merror[0m] [0m[0m[31m[31m    |[0m                                                                      ^^^^^^^^[0m[0m
[0m[[0m[31merror[0m] [0m[0m[31m    |[0m                                   Found:    (ruleName : Any)[0m
[0m[[0m[31merror[0m] [0m[0m[31m    |[0m                                   Required: rta.syntax.Program2.QName[0m
[0m[[0m[31merror[0m] [0m[0m[31m    |[0m[0m
[0m[[0m[31merror[0m] [0m[0m[31m    |[0m longer explanation available when compiling with `-explain`[0m
[0m[[0m[31merror[0m] [0m[0m[31m[31m-- [E008] Not Found Error: C:\Users\Utilizador\Desktop\RTATOOL2\shared\src\main\scala\rta\syntax\Translate.scala:139:92 [0m[0m[0m
[0m[[0m[31merror[0m] [0m[0m[31m139 |[0m    [33mval[0m [36mallActiveLabels[0m = (simpleEdgeLabels ++ hyperEdgeTargets ++ hyperEdgeNames).filter(_.n.nonEmpty)[0m
[0m[[0m[31merror[0m] [0m[0m[31m[31m    |[0m                                                                                          ^^^[0m[0m
[0m[[0m[31merror[0m] [0m[0m[31m    |[0m                                        value n is not a member of Any[0m
[0m[[0m[31merror[0m] [0m[0m[31m[31m-- [E007] Type Mismatch Error: C:\Users\Utilizador\Desktop\RTATOOL2\shared\src\main\scala\rta\syntax\Translate.scala:143:43 [0m[0m[0m
[0m[[0m[31merror[0m] [0m[0m[31m143 |[0m      [33mval[0m [36misInitiallyActive[0m = stx.lbls.get(label).exists(_.exists(stx.act.contains))[0m
[0m[[0m[31merror[0m] [0m[0m[31m[31m    |[0m                                           ^^^^^[0m[0m
[0m[[0m[31merror[0m] [0m[0m[31m    |[0m                                   Found:    (label : Any)[0m
[0m[[0m[31merror[0m] [0m[0m[31m    |[0m                                   Required: rta.syntax.Program2.QName[0m
[0m[[0m[31merror[0m] [0m[0m[31m    |[0m[0m
[0m[[0m[31merror[0m] [0m[0m[31m    |[0m longer explanation available when compiling with `-explain`[0m
[0m[[0m[31merror[0m] [0m[0m[31m[31m-- [E007] Type Mismatch Error: C:\Users\Utilizador\Desktop\RTATOOL2\shared\src\main\scala\rta\syntax\Translate.scala:144:44 [0m[0m[0m
[0m[[0m[31merror[0m] [0m[0m[31m144 |[0m      builder.append([31ms"int [0m${sanitizeForVar(label)}[31m_active = [0m${[33mif[0m (isInitiallyActive) [31m1[0m [33melse[0m [31m0[0m}[31m\n"[0m)[0m
[0m[[0m[31merror[0m] [0m[0m[31m[31m    |[0m                                            ^^^^^[0m[0m
[0m[[0m[31merror[0m] [0m[0m[31m    |[0m                                   Found:    (label : Any)[0m
[0m[[0m[31merror[0m] [0m[0m[31m    |[0m                                   Required: rta.syntax.Program2.QName[0m
[0m[[0m[31merror[0m] [0m[0m[31m    |[0m[0m
[0m[[0m[31merror[0m] [0m[0m[31m    |[0m longer explanation available when compiling with `-explain`[0m
[0m[[0m[31merror[0m] [0m[0m[31m[31m-- [E007] Type Mismatch Error: C:\Users\Utilizador\Desktop\RTATOOL2\shared\src\main\scala\rta\syntax\Translate.scala:177:46 [0m[0m[0m
[0m[[0m[31merror[0m] [0m[0m[31m177 |[0m        builder.append(generateTransitionCode(edge, stx))[0m
[0m[[0m[31merror[0m] [0m[0m[31m[31m    |[0m                                              ^^^^[0m[0m
[0m[[0m[31merror[0m] [0m[0m[31m    |[0mFound:    (edge : (rta.syntax.Program2.QName, rta.syntax.Program2.QName,[0m
[0m[[0m[31merror[0m] [0m[0m[31m    |[0m  rta.syntax.Program2.QName))[0m
[0m[[0m[31merror[0m] [0m[0m[31m    |[0mRequired: rta.syntax.Program2.Edge[0m
[0m[[0m[31merror[0m] [0m[0m[31m    |[0m[0m
[0m[[0m[31merror[0m] [0m[0m[31m    |[0m longer explanation available when compiling with `-explain`[0m
[0m[[0m[31merror[0m] [0m[0m[31m[31m-- [E008] Not Found Error: C:\Users\Utilizador\Desktop\RTATOOL2\shared\src\main\scala\rta\syntax\Translate.scala:196:14 [0m[0m[0m
[0m[[0m[31merror[0m] [0m[0m[31m196 |[0m    [33mif[0m (label.n.nonEmpty) {[0m
[0m[[0m[31merror[0m] [0m[0m[31m[31m    |[0m        ^^^^^^^[0m[0m
[0m[[0m[31merror[0m] [0m[0m[31m    |[0m        value n is not a member of Any[0m
[0m[[0m[31merror[0m] [0m[0m[31m[31m-- [E007] Type Mismatch Error: C:\Users\Utilizador\Desktop\RTATOOL2\shared\src\main\scala\rta\syntax\Translate.scala:197:43 [0m[0m[0m
[0m[[0m[31merror[0m] [0m[0m[31m197 |[0m      mainGuardParts += [31ms"[0m${sanitizeForVar(label)}[31m_active == 1"[0m[0m
[0m[[0m[31merror[0m] [0m[0m[31m[31m    |[0m                                           ^^^^^[0m[0m
[0m[[0m[31merror[0m] [0m[0m[31m    |[0m                                   Found:    (label : Any)[0m
[0m[[0m[31merror[0m] [0m[0m[31m    |[0m                                   Required: rta.syntax.Program2.QName[0m
[0m[[0m[31merror[0m] [0m[0m[31m    |[0m[0m
[0m[[0m[31merror[0m] [0m[0m[31m    |[0m longer explanation available when compiling with `-explain`[0m
[0m[[0m[31merror[0m] [0m[0m[31m[31m-- [E007] Type Mismatch Error: C:\Users\Utilizador\Desktop\RTATOOL2\shared\src\main\scala\rta\syntax\Translate.scala:201:45 [0m[0m[0m
[0m[[0m[31merror[0m] [0m[0m[31m201 |[0m    [33mval[0m [36mallEffects[0m = findAllTriggeredEffects(label, stx)[0m
[0m[[0m[31merror[0m] [0m[0m[31m[31m    |[0m                                             ^^^^^[0m[0m
[0m[[0m[31merror[0m] [0m[0m[31m    |[0m                                   Found:    (label : Any)[0m
[0m[[0m[31merror[0m] [0m[0m[31m    |[0m                                   Required: rta.syntax.Program2.QName[0m
[0m[[0m[31merror[0m] [0m[0m[31m    |[0m[0m
[0m[[0m[31merror[0m] [0m[0m[31m    |[0m longer explanation available when compiling with `-explain`[0m
[0m[[0m[31merror[0m] [0m[0m[31m[31m-- [E007] Type Mismatch Error: C:\Users\Utilizador\Desktop\RTATOOL2\shared\src\main\scala\rta\syntax\Translate.scala:228:29 [0m[0m[0m
[0m[[0m[31merror[0m] [0m[0m[31m228 |[0m    [33mval[0m [36mu_source[0m = unqualify(source)[0m
[0m[[0m[31merror[0m] [0m[0m[31m[31m    |[0m                             ^^^^^^[0m[0m
[0m[[0m[31merror[0m] [0m[0m[31m    |[0m                             Found:    (source : Any)[0m
[0m[[0m[31merror[0m] [0m[0m[31m    |[0m                             Required: rta.syntax.Program2.QName[0m
[0m[[0m[31merror[0m] [0m[0m[31m    |[0m[0m
[0m[[0m[31merror[0m] [0m[0m[31m    |[0m longer explanation available when compiling with `-explain`[0m
[0m[[0m[31merror[0m] [0m[0m[31m[31m-- [E007] Type Mismatch Error: C:\Users\Utilizador\Desktop\RTATOOL2\shared\src\main\scala\rta\syntax\Translate.scala:229:29 [0m[0m[0m
[0m[[0m[31merror[0m] [0m[0m[31m229 |[0m    [33mval[0m [36mu_target[0m = unqualify(target)[0m
[0m[[0m[31merror[0m] [0m[0m[31m[31m    |[0m                             ^^^^^^[0m[0m
[0m[[0m[31merror[0m] [0m[0m[31m    |[0m                             Found:    (target : Any)[0m
[0m[[0m[31merror[0m] [0m[0m[31m    |[0m                             Required: rta.syntax.Program2.QName[0m
[0m[[0m[31merror[0m] [0m[0m[31m    |[0m[0m
[0m[[0m[31merror[0m] [0m[0m[31m    |[0m longer explanation available when compiling with `-explain`[0m
[0m[[0m[31merror[0m] [0m[0m[31m[31m-- [E007] Type Mismatch Error: C:\Users\Utilizador\Desktop\RTATOOL2\shared\src\main\scala\rta\syntax\Translate.scala:230:28 [0m[0m[0m
[0m[[0m[31merror[0m] [0m[0m[31m230 |[0m    [33mval[0m [36mu_label[0m = unqualify(label)[0m
[0m[[0m[31merror[0m] [0m[0m[31m[31m    |[0m                            ^^^^^[0m[0m
[0m[[0m[31merror[0m] [0m[0m[31m    |[0m                            Found:    (label : Any)[0m
[0m[[0m[31merror[0m] [0m[0m[31m    |[0m                            Required: rta.syntax.Program2.QName[0m
[0m[[0m[31merror[0m] [0m[0m[31m    |[0m[0m
[0m[[0m[31merror[0m] [0m[0m[31m    |[0m longer explanation available when compiling with `-explain`[0m
[0m[[0m[31merror[0m] [0m[0m[31m[31m-- [E007] Type Mismatch Error: C:\Users\Utilizador\Desktop\RTATOOL2\shared\src\main\scala\rta\syntax\Translate.scala:264:34 [0m[0m[0m
[0m[[0m[31merror[0m] [0m[0m[31m264 |[0m          effects += Effect([31m"on"[0m, target, ruleName, currentTrigger)[0m
[0m[[0m[31merror[0m] [0m[0m[31m[31m    |[0m                                  ^^^^^^[0m[0m
[0m[[0m[31merror[0m] [0m[0m[31m    |[0m                                  Found:    (target : Any)[0m
[0m[[0m[31merror[0m] [0m[0m[31m    |[0m                                  Required: rta.syntax.Program2.QName[0m
[0m[[0m[31merror[0m] [0m[0m[31m    |[0m[0m
[0m[[0m[31merror[0m] [0m[0m[31m    |[0m longer explanation available when compiling with `-explain`[0m
[0m[[0m[31merror[0m] [0m[0m[31m[31m-- [E007] Type Mismatch Error: C:\Users\Utilizador\Desktop\RTATOOL2\shared\src\main\scala\rta\syntax\Translate.scala:264:42 [0m[0m[0m
[0m[[0m[31merror[0m] [0m[0m[31m264 |[0m          effects += Effect([31m"on"[0m, target, ruleName, currentTrigger)[0m
[0m[[0m[31merror[0m] [0m[0m[31m[31m    |[0m                                          ^^^^^^^^[0m[0m
[0m[[0m[31merror[0m] [0m[0m[31m    |[0m                                   Found:    (ruleName : Any)[0m
[0m[[0m[31merror[0m] [0m[0m[31m    |[0m                                   Required: rta.syntax.Program2.QName[0m
[0m[[0m[31merror[0m] [0m[0m[31m    |[0m[0m
[0m[[0m[31merror[0m] [0m[0m[31m    |[0m longer explanation available when compiling with `-explain`[0m
[0m[[0m[31merror[0m] [0m[0m[31m[31m-- [E008] Not Found Error: C:\Users\Utilizador\Desktop\RTATOOL2\shared\src\main\scala\rta\syntax\Translate.scala:265:24 [0m[0m[0m
[0m[[0m[31merror[0m] [0m[0m[31m265 |[0m          [33mif[0m (!ruleName.n.isEmpty) queue.enqueue(ruleName)[0m
[0m[[0m[31merror[0m] [0m[0m[31m[31m    |[0m               ^^^^^^^^^^[0m[0m
[0m[[0m[31merror[0m] [0m[0m[31m    |[0m               value n is not a member of Any[0m
[0m[[0m[31merror[0m] [0m[0m[31m[31m-- [E007] Type Mismatch Error: C:\Users\Utilizador\Desktop\RTATOOL2\shared\src\main\scala\rta\syntax\Translate.scala:265:49 [0m[0m[0m
[0m[[0m[31merror[0m] [0m[0m[31m265 |[0m          [33mif[0m (!ruleName.n.isEmpty) queue.enqueue(ruleName)[0m
[0m[[0m[31merror[0m] [0m[0m[31m[31m    |[0m                                                 ^^^^^^^^[0m[0m
[0m[[0m[31merror[0m] [0m[0m[31m    |[0m                                   Found:    (ruleName : Any)[0m
[0m[[0m[31merror[0m] [0m[0m[31m    |[0m                                   Required: rta.syntax.Program2.QName[0m
[0m[[0m[31merror[0m] [0m[0m[31m    |[0m[0m
[0m[[0m[31merror[0m] [0m[0m[31m    |[0m longer explanation available when compiling with `-explain`[0m
[0m[[0m[31merror[0m] [0m[0m[31m[31m-- [E007] Type Mismatch Error: C:\Users\Utilizador\Desktop\RTATOOL2\shared\src\main\scala\rta\syntax\Translate.scala:268:35 [0m[0m[0m
[0m[[0m[31merror[0m] [0m[0m[31m268 |[0m          effects += Effect([31m"off"[0m, target, ruleName, currentTrigger)[0m
[0m[[0m[31merror[0m] [0m[0m[31m[31m    |[0m                                   ^^^^^^[0m[0m
[0m[[0m[31merror[0m] [0m[0m[31m    |[0m                                   Found:    (target : Any)[0m
[0m[[0m[31merror[0m] [0m[0m[31m    |[0m                                   Required: rta.syntax.Program2.QName[0m
[0m[[0m[31merror[0m] [0m[0m[31m    |[0m[0m
[0m[[0m[31merror[0m] [0m[0m[31m    |[0m longer explanation available when compiling with `-explain`[0m
[0m[[0m[31merror[0m] [0m[0m[31m[31m-- [E007] Type Mismatch Error: C:\Users\Utilizador\Desktop\RTATOOL2\shared\src\main\scala\rta\syntax\Translate.scala:268:43 [0m[0m[0m
[0m[[0m[31merror[0m] [0m[0m[31m268 |[0m          effects += Effect([31m"off"[0m, target, ruleName, currentTrigger)[0m
[0m[[0m[31merror[0m] [0m[0m[31m[31m    |[0m                                           ^^^^^^^^[0m[0m
[0m[[0m[31merror[0m] [0m[0m[31m    |[0m                                   Found:    (ruleName : Any)[0m
[0m[[0m[31merror[0m] [0m[0m[31m    |[0m                                   Required: rta.syntax.Program2.QName[0m
[0m[[0m[31merror[0m] [0m[0m[31m    |[0m[0m
[0m[[0m[31merror[0m] [0m[0m[31m    |[0m longer explanation available when compiling with `-explain`[0m
[0m[[0m[31merror[0m] [0m[0m[31m[31m-- [E008] Not Found Error: C:\Users\Utilizador\Desktop\RTATOOL2\shared\src\main\scala\rta\syntax\Translate.scala:269:24 [0m[0m[0m
[0m[[0m[31merror[0m] [0m[0m[31m269 |[0m          [33mif[0m (!ruleName.n.isEmpty) queue.enqueue(ruleName)[0m
[0m[[0m[31merror[0m] [0m[0m[31m[31m    |[0m               ^^^^^^^^^^[0m[0m
[0m[[0m[31merror[0m] [0m[0m[31m    |[0m               value n is not a member of Any[0m
[0m[[0m[31merror[0m] [0m[0m[31m[31m-- [E007] Type Mismatch Error: C:\Users\Utilizador\Desktop\RTATOOL2\shared\src\main\scala\rta\syntax\Translate.scala:269:49 [0m[0m[0m
[0m[[0m[31merror[0m] [0m[0m[31m269 |[0m          [33mif[0m (!ruleName.n.isEmpty) queue.enqueue(ruleName)[0m
[0m[[0m[31merror[0m] [0m[0m[31m[31m    |[0m                                                 ^^^^^^^^[0m[0m
[0m[[0m[31merror[0m] [0m[0m[31m    |[0m                                   Found:    (ruleName : Any)[0m
[0m[[0m[31merror[0m] [0m[0m[31m    |[0m                                   Required: rta.syntax.Program2.QName[0m
[0m[[0m[31merror[0m] [0m[0m[31m    |[0m[0m
[0m[[0m[31merror[0m] [0m[0m[31m    |[0m longer explanation available when compiling with `-explain`[0m
[0m[[0m[33mwarn[0m] [0m[0m[33m[33m-- Warning: C:\Users\Utilizador\Desktop\RTATOOL2\shared\src\main\scala\rta\syntax\Translate.scala:62:39 [0m[0m[0m
[0m[[0m[33mwarn[0m] [0m[0m[33m62 |[0m    [33mfor[0m ((source, targets) <- stx.edg; (target, label) <- targets) {[0m
[0m[[0m[33mwarn[0m] [0m[0m[33m[33m   |[0m                                       ^^^^^^^^^^^^^^^[0m[0m
[0m[[0m[33mwarn[0m] [0m[0m[33m   |[0mpattern's type (Any, Any) does not match the right hand side expression's type (rta.syntax.Program2.QName, rta.syntax.Program2.QName, rta.syntax.Program2.QName[0m
[0m[[0m[33mwarn[0m] [0m[0m[33m   |[0m  )[0m
[0m[[0m[33mwarn[0m] [0m[0m[33m   |[0m[0m
[0m[[0m[33mwarn[0m] [0m[0m[33m   |[0mIf the narrowing is intentional, this can be communicated by adding the `case` keyword before the full pattern,[0m
[0m[[0m[33mwarn[0m] [0m[0m[33m   |[0mwhich will result in a filtering for expression (using `withFilter`).[0m
[0m[[0m[33mwarn[0m] [0m[0m[33m   |[0mThis patch can be rewritten automatically under -rewrite -source 3.2-migration.[0m
[0m[[0m[33mwarn[0m] [0m[0m[33m[33m-- Warning: C:\Users\Utilizador\Desktop\RTATOOL2\shared\src\main\scala\rta\syntax\Translate.scala:191:34 [0m[0m[0m
[0m[[0m[33mwarn[0m] [0m[0m[33m191 |[0m    [33mval[0m (source, target, label) = edge[0m
[0m[[0m[33mwarn[0m] [0m[0m[33m[33m    |[0m                                  ^^^^[0m[0m
[0m[[0m[33mwarn[0m] [0m[0m[33m    |[0mpattern's type (Any, Any, Any) does not match the right hand side expression's type rta.syntax.Program2.Edge[0m
[0m[[0m[33mwarn[0m] [0m[0m[33m    |[0m[0m
[0m[[0m[33mwarn[0m] [0m[0m[33m    |[0mIf the narrowing is intentional, this can be communicated by adding `: @unchecked` after the expression,[0m
[0m[[0m[33mwarn[0m] [0m[0m[33m    |[0mwhich may result in a MatchError at runtime.[0m
[0m[[0m[33mwarn[0m] [0m[0m[33m    |[0mThis patch can be rewritten automatically under -rewrite -source 3.2-migration.[0m
[0m[[0m[31merror[0m] [0m[0m[31m[31m-- [E007] Type Mismatch Error: C:\Users\Utilizador\Desktop\RTATOOL2\shared\src\main\scala\rta\syntax\UppaalConvert2.scala:73:44 [0m[0m[0m
[0m[[0m[31merror[0m] [0m[0m[31m73 |[0m      [33mval[0m [36mguardOpt[0m = stx.edgeConditions.get(edge).flatten.map(conditionToString)[0m
[0m[[0m[31merror[0m] [0m[0m[31m[31m   |[0m                                            ^^^^[0m[0m
[0m[[0m[31merror[0m] [0m[0m[31m   |[0m                Found:    [1m[31m([0m[1m[31medge[0m[1m[31m [0m[1m[31m:[0m[1m[31m [0m[1m[31m([0mrta.syntax.Program2.[1m[31mQName[0m[1m[31m,[0m[1m[31m [0m[1m[31mAny[0m[1m[31m,[0m[1m[31m [0m[1m[31mAny[0m[1m[31m)[0m[1m[31m)[0m[0m
[0m[[0m[31merror[0m] [0m[0m[31m   |[0m                Required: rta.syntax.Program2.[1m[32mEdge[0m[0m
[0m[[0m[31merror[0m] [0m[0m[31m   |[0m[0m
[0m[[0m[31merror[0m] [0m[0m[31m   |[0m longer explanation available when compiling with `-explain`[0m
[0m[[0m[31merror[0m] [0m[0m[31m[31m-- [E007] Type Mismatch Error: C:\Users\Utilizador\Desktop\RTATOOL2\shared\src\main\scala\rta\syntax\UppaalConvert2.scala:75:49 [0m[0m[0m
[0m[[0m[31merror[0m] [0m[0m[31m75 |[0m      [33mval[0m [36mstatements[0m = stx.edgeUpdates.getOrElse(edge, Nil)[0m
[0m[[0m[31merror[0m] [0m[0m[31m[31m   |[0m                                                 ^^^^[0m[0m
[0m[[0m[31merror[0m] [0m[0m[31m   |[0m                Found:    [1m[31m([0m[1m[31medge[0m[1m[31m [0m[1m[31m:[0m[1m[31m [0m[1m[31m([0mrta.syntax.Program2.[1m[31mQName[0m[1m[31m,[0m[1m[31m [0m[1m[31mAny[0m[1m[31m,[0m[1m[31m [0m[1m[31mAny[0m[1m[31m)[0m[1m[31m)[0m[0m
[0m[[0m[31merror[0m] [0m[0m[31m   |[0m                Required: rta.syntax.Program2.[1m[32mEdge[0m[0m
[0m[[0m[31merror[0m] [0m[0m[31m   |[0m[0m
[0m[[0m[31merror[0m] [0m[0m[31m   |[0m longer explanation available when compiling with `-explain`[0m
[0m[[0m[31merror[0m] [0m[0m[31m[31m-- [E007] Type Mismatch Error: C:\Users\Utilizador\Desktop\RTATOOL2\shared\src\main\scala\rta\syntax\UppaalConvert2.scala:104:45 [0m[0m[0m
[0m[[0m[31merror[0m] [0m[0m[31m104 |[0m      [33mval[0m [36minvariantNode[0m = stx.invariants.get(stateName)[0m
[0m[[0m[31merror[0m] [0m[0m[31m[31m    |[0m                                             ^^^^^^^^^[0m[0m
[0m[[0m[31merror[0m] [0m[0m[31m    |[0m                                   Found:    (stateName : Any)[0m
[0m[[0m[31merror[0m] [0m[0m[31m    |[0m                                   Required: rta.syntax.Program2.QName[0m
[0m[[0m[31merror[0m] [0m[0m[31m    |[0m[0m
[0m[[0m[31merror[0m] [0m[0m[31m    |[0m longer explanation available when compiling with `-explain`[0m
[0m[[0m[31merror[0m] [0m[0m[31m[31m-- [E008] Not Found Error: C:\Users\Utilizador\Desktop\RTATOOL2\shared\src\main\scala\rta\syntax\UppaalConvert2.scala:109:69 [0m[0m[0m
[0m[[0m[31merror[0m] [0m[0m[31m109 |[0m        <name x={(x - [31m20[0m).toString} y={(y - [31m30[0m).toString}>{stateName.show}</name>[0m
[0m[[0m[31merror[0m] [0m[0m[31m[31m    |[0m                                                           ^^^^^^^^^^^^^^[0m[0m
[0m[[0m[31merror[0m] [0m[0m[31m    |[0m                                     value show is not a member of Any[0m
[0m[[0m[31merror[0m] [0m[0m[31m[31m-- [E007] Type Mismatch Error: C:\Users\Utilizador\Desktop\RTATOOL2\shared\src\main\scala\rta\syntax\UppaalConvert2.scala:131:12 [0m[0m[0m
[0m[[0m[31merror[0m] [0m[0m[31m131 |[0m            guardOpt.map([36mg[0m => <label kind=[31m"guard"[0m>{g}</label>).getOrElse(NodeSeq.Empty)[0m
[0m[[0m[31merror[0m] [0m[0m[31m[31m    |[0m            ^^^^^^^^[0m[0m
[0m[[0m[31merror[0m] [0m[0m[31m    |[0mFound:    (guardOpt : Nothing)[0m
[0m[[0m[31merror[0m] [0m[0m[31m    |[0mRequired: ?{ map: ? }[0m
[0m[[0m[31merror[0m] [0m[0m[31m    |[0mNote that implicit conversions were not tried because the result of an implicit conversion[0m
[0m[[0m[31merror[0m] [0m[0m[31m    |[0mmust be more specific than ?{ map: [applied to ([0m
[0m[[0m[31merror[0m] [0m[0m[31m    |[0m  g =>[0m
[0m[[0m[31merror[0m] [0m[0m[31m    |[0m    {[0m
[0m[[0m[31merror[0m] [0m[0m[31m    |[0m      {[0m
[0m[[0m[31merror[0m] [0m[0m[31m    |[0m        [33mvar[0m [36m$md[0m: _root_.scala.xml.MetaData = _root_.scala.xml.Null[0m
[0m[[0m[31merror[0m] [0m[0m[31m    |[0m        $md =[0m
[0m[[0m[31merror[0m] [0m[0m[31m    |[0m          [33mnew [0m_root_.scala.xml.UnprefixedAttribute([32m"kind"[0m,[0m
[0m[[0m[31merror[0m] [0m[0m[31m    |[0m            [33mnew [0m_root_.scala.xml.Text([32m"guard"[0m), $md)[0m
[0m[[0m[31merror[0m] [0m[0m[31m    |[0m        [33mnew [0m_root_.scala.xml.Elem([31mnull[0m, [32m"label"[0m, $md, $scope, [31mfalse[0m,[0m
[0m[[0m[31merror[0m] [0m[0m[31m    |[0m          {[0m
[0m[[0m[31merror[0m] [0m[0m[31m    |[0m            [33mval[0m [36m$buf[0m = [33mnew [0m_root_.scala.xml.NodeBuffer()[0m
[0m[[0m[31merror[0m] [0m[0m[31m    |[0m            $buf.&+([0m
[0m[[0m[31merror[0m] [0m[0m[31m    |[0m              {[0m
[0m[[0m[31merror[0m] [0m[0m[31m    |[0m                g[0m
[0m[[0m[31merror[0m] [0m[0m[31m    |[0m              }[0m
[0m[[0m[31merror[0m] [0m[0m[31m    |[0m            )[0m
[0m[[0m[31merror[0m] [0m[0m[31m    |[0m            $buf[0m
[0m[[0m[31merror[0m] [0m[0m[31m    |[0m          }*[0m
[0m[[0m[31merror[0m] [0m[0m[31m    |[0m        )[0m
[0m[[0m[31merror[0m] [0m[0m[31m    |[0m      }[0m
[0m[[0m[31merror[0m] [0m[0m[31m    |[0m    }[0m
[0m[[0m[31merror[0m] [0m[0m[31m    |[0m) returning ?{ getOrElse: [applied to (NodeSeq.Empty) returning Any] }] }[0m
[0m[[0m[31merror[0m] [0m[0m[31m    |[0m[0m
[0m[[0m[31merror[0m] [0m[0m[31m    |[0m longer explanation available when compiling with `-explain`[0m
[0m[[0m[33mwarn[0m] [0m[0m[33m[33m-- Warning: C:\Users\Utilizador\Desktop\RTATOOL2\shared\src\main\scala\rta\syntax\UppaalConvert2.scala:70:6 [0m[0m[0m
[0m[[0m[33mwarn[0m] [0m[0m[33m70 |[0m      (target, label) <- targets[0m
[0m[[0m[33mwarn[0m] [0m[0m[33m[33m   |[0m      ^^^^^^^^^^^^^^^[0m[0m
[0m[[0m[33mwarn[0m] [0m[0m[33m   |[0mpattern's type (Any, Any) does not match the right hand side expression's type (rta.syntax.Program2.QName, rta.syntax.Program2.QName, rta.syntax.Program2.QName[0m
[0m[[0m[33mwarn[0m] [0m[0m[33m   |[0m  )[0m
[0m[[0m[33mwarn[0m] [0m[0m[33m   |[0m[0m
[0m[[0m[33mwarn[0m] [0m[0m[33m   |[0mIf the narrowing is intentional, this can be communicated by adding the `case` keyword before the full pattern,[0m
[0m[[0m[33mwarn[0m] [0m[0m[33m   |[0mwhich will result in a filtering for expression (using `withFilter`).[0m
[0m[[0m[33mwarn[0m] [0m[0m[33m   |[0mThis patch can be rewritten automatically under -rewrite -source 3.2-migration.[0m
[0m[[0m[31merror[0m] [0m[0m[31m[31m-- [E007] Type Mismatch Error: C:\Users\Utilizador\Desktop\RTATOOL2\shared\src\main\scala\rta\syntax\UppaalConvert3.scala:111:63 [0m[0m[0m
[0m[[0m[31merror[0m] [0m[0m[31m111 |[0m    }.toList.distinct.sortBy(edge => (labelToId.getOrElse(edge._3, -[31m1[0m), edge._1.toString, edge._2.toString))[0m
[0m[[0m[31merror[0m] [0m[0m[31m[31m    |[0m                                                          ^^^^^^^[0m[0m
[0m[[0m[31merror[0m] [0m[0m[31m    |[0m                                   Found:    Any[0m
[0m[[0m[31merror[0m] [0m[0m[31m    |[0m                                   Required: rta.syntax.Program2.QName[0m
[0m[[0m[31merror[0m] [0m[0m[31m    |[0m[0m
[0m[[0m[31merror[0m] [0m[0m[31m    |[0m longer explanation available when compiling with `-explain`[0m
[0m[[0m[31merror[0m] [0m[0m[31m[31m-- [E172] Type Error: C:\Users\Utilizador\Desktop\RTATOOL2\shared\src\main\scala\rta\syntax\UppaalConvert3.scala:112:68 [0m[0m[0m
[0m[[0m[31merror[0m] [0m[0m[31m112 |[0m    [33mval[0m [36medgeToIndex[0m: [35mMap[0m[[35mEdge[0m, [35mInt[0m] = simpleEdges.zipWithIndex.toMap[0m
[0m[[0m[31merror[0m] [0m[0m[31m[31m    |[0m                                                                    ^[0m[0m
[0m[[0m[31merror[0m] [0m[0m[31m    |[0mCannot prove that ((rta.syntax.Program2.QName, Any, Any) @uncheckedVariance, Int) <:< ([0m
[0m[[0m[31merror[0m] [0m[0m[31m    |[0m  (rta.syntax.Program2.QName, rta.syntax.Program2.QName,[0m
[0m[[0m[31merror[0m] [0m[0m[31m    |[0m    rta.syntax.Program2.QName, rta.syntax.Program2.QName),[0m
[0m[[0m[31merror[0m] [0m[0m[31m    |[0mV).[0m
[0m[[0m[31merror[0m] [0m[0m[31m    |[0m[0m
[0m[[0m[31merror[0m] [0m[0m[31m    |[0mwhere:    V is a type variable with constraint <: Int[0m
[0m[[0m[31merror[0m] [0m[0m[31m[31m-- [E007] Type Mismatch Error: C:\Users\Utilizador\Desktop\RTATOOL2\shared\src\main\scala\rta\syntax\UppaalConvert3.scala:163:34 [0m[0m[0m
[0m[[0m[31merror[0m] [0m[0m[31m163 |[0m        .map(e => ([31m1[0m, edgeToIndex(e))) [0m
[0m[[0m[31merror[0m] [0m[0m[31m[31m    |[0m                                  ^[0m[0m
[0m[[0m[31merror[0m] [0m[0m[31m    |[0m                 Found:    [1m[31m([0m[1m[31me[0m[1m[31m [0m[1m[31m:[0m[1m[31m [0m[1m[31m([0mrta.syntax.Program2.[1m[31mQName[0m[1m[31m,[0m[1m[31m [0m[1m[31mAny[0m[1m[31m,[0m[1m[31m [0m[1m[31mAny[0m[1m[31m)[0m[1m[31m)[0m[0m
[0m[[0m[31merror[0m] [0m[0m[31m    |[0m                 Required: rta.syntax.Program2.[1m[32mEdge[0m[0m
[0m[[0m[31merror[0m] [0m[0m[31m    |[0m[0m
[0m[[0m[31merror[0m] [0m[0m[31m    |[0m longer explanation available when compiling with `-explain`[0m
[0m[[0m[31merror[0m] [0m[0m[31m[31m-- [E007] Type Mismatch Error: C:\Users\Utilizador\Desktop\RTATOOL2\shared\src\main\scala\rta\syntax\UppaalConvert3.scala:171:44 [0m[0m[0m
[0m[[0m[31merror[0m] [0m[0m[31m171 |[0m      [33mval[0m [36mstatus[0m = [33mif[0m (rxGraph.act.contains((triggerLbl, targetLbl, selfLbl))) [31m"1"[0m [33melse[0m [31m"0"[0m[0m
[0m[[0m[31merror[0m] [0m[0m[31m[31m    |[0m                                            ^^^^^^^^^^^^^^^^^^^^^^^^^^^^^^^^[0m[0m
[0m[[0m[31merror[0m] [0m[0m[31m    |[0mFound:    (rta.syntax.Program2.QName, rta.syntax.Program2.QName, rta.syntax.Program2.QName[0m
[0m[[0m[31merror[0m] [0m[0m[31m    |[0m  )[0m
[0m[[0m[31merror[0m] [0m[0m[31m    |[0mRequired: rta.syntax.Program2.Edge[0m
[0m[[0m[31merror[0m] [0m[0m[31m    |[0m[0m
[0m[[0m[31merror[0m] [0m[0m[31m    |[0m longer explanation available when compiling with `-explain`[0m
[0m[[0m[33mwarn[0m] [0m[0m6 warnings found[0m
[0m[[0m[31merror[0m] [0m[0m126 errors found[0m
[0m[[0m[0mdebug[0m] [0m[0mGlobal IR cache stats: reused: 0 -- invalidated: 0 -- trees read: 0[0m
[0m[[0m[31merror[0m] [0m[0m(rtaJS / Compile / [31mcompileIncremental[0m) Compilation failed[0m
[0m[[0m[31merror[0m] [0m[0mTotal time: 7 s, completed 27/02/2026, 14:43:22[0m
[0m[[0m[0mdebug[0m] [0m[0m> Exec(shell, None, None)[0m
